<?xml version="1.0" encoding="UTF-8"?>
<testng-results ignored="0" total="1" passed="1" failed="0" skipped="0">
  <reporter-output>
  </reporter-output>
  <suite started-at="2021-02-22T15:49:40Z" name="Default suite" finished-at="2021-02-22T15:50:41Z" duration-ms="60561">
    <groups>
    </groups>
    <test started-at="2021-02-22T15:49:40Z" name="Default test" finished-at="2021-02-22T15:50:41Z" duration-ms="60561">
      <class name="Assignment1.Assignment1.DropDownPageTest">
        <test-method is-config="true" signature="setUp()[pri:0, instance:Assignment1.Assignment1.DropDownPageTest@55a561cf]" started-at="2021-02-22T15:49:40Z" name="setUp" finished-at="2021-02-22T15:50:07Z" duration-ms="26336" status="PASS">
          <reporter-output>
          </reporter-output>
        </test-method> <!-- setUp -->
        <test-method signature="clickdropdown()[pri:0, instance:Assignment1.Assignment1.DropDownPageTest@55a561cf]" started-at="2021-02-22T15:50:07Z" name="clickdropdown" finished-at="2021-02-22T15:50:41Z" duration-ms="34205" status="PASS">
          <reporter-output>
          </reporter-output>
        </test-method> <!-- clickdropdown -->
      </class> <!-- Assignment1.Assignment1.DropDownPageTest -->
    </test> <!-- Default test -->
  </suite> <!-- Default suite -->
</testng-results>
