<?xml version="1.0" encoding="UTF-8"?>
<testng-results ignored="0" total="0" passed="0" failed="0" skipped="0">
  <reporter-output>
  </reporter-output>
  <suite started-at="2021-02-15T16:27:20Z" name="Default suite" finished-at="2021-02-15T16:27:34Z" duration-ms="14519">
    <groups>
    </groups>
    <test started-at="2021-02-15T16:27:20Z" name="Default test" finished-at="2021-02-15T16:27:34Z" duration-ms="14519">
      <class name="com.qa.wallethub.pages.Home">
        <test-method is-config="true" signature="setUp()[pri:0, instance:com.qa.wallethub.pages.Home@12d3a4e9]" started-at="2021-02-15T16:27:20Z" name="setUp" finished-at="2021-02-15T16:27:34Z" duration-ms="14463" status="PASS">
          <reporter-output>
          </reporter-output>
        </test-method> <!-- setUp -->
      </class> <!-- com.qa.wallethub.pages.Home -->
    </test> <!-- Default test -->
  </suite> <!-- Default suite -->
</testng-results>
